<?xml version="1.0" encoding="UTF-8"?>
<testsuite name="EncryptorTest" tests="2" skipped="0" failures="0" errors="0" timestamp="2015-07-17T19:16:17" hostname="eduroam-95.eduroam.yorku.ca" time="0.031">
  <properties/>
  <testcase name="testMoreInput" classname="EncryptorTest" time="0.01"/>
  <testcase name="testReadChar" classname="EncryptorTest" time="0.02"/>
  <system-out><![CDATA[]]></system-out>
  <system-err><![CDATA[]]></system-err>
</testsuite>
