<?xml version="1.0" encoding="UTF-8"?>
<testsuite name="MyEncryptorTest" tests="4" skipped="0" failures="0" errors="0" timestamp="2015-07-17T15:50:18" hostname="eduroam-95.eduroam.yorku.ca" time="0.085">
  <properties/>
  <testcase name="testEncrypts" classname="MyEncryptorTest" time="0.027"/>
  <testcase name="testEncryptsChar" classname="MyEncryptorTest" time="0.005"/>
  <testcase name="testReverseEncryptsChar" classname="MyEncryptorTest" time="0.018"/>
  <testcase name="testDecrypts" classname="MyEncryptorTest" time="0.001"/>
  <system-out><![CDATA[]]></system-out>
  <system-err><![CDATA[]]></system-err>
</testsuite>
